<?xml version="1.0" encoding="UTF-8"?>
<!-- Generated by org.testng.reporters.JUnitReportReporter -->
<testsuite hostname="DESKTOP-N6BTS77" failures="0" tests="5" name="ui.framework.testcases.ZoomHomeTest" time="67.864" errors="0" timestamp="2022-05-28T19:50:27 MDT" skipped="2">
  <testcase classname="ui.framework.testcases.ZoomHomeTest" name="testPageObject" time="20.630"/>
  <system-out/>
  <testcase classname="ui.framework.testcases.ZoomHomeTest" name="testPageObject" time="23.534"/>
  <system-out/>
  <testcase classname="ui.framework.testcases.ZoomHomeTest" name="testPageObject" time="23.700"/>
  <system-out/>
  <testcase classname="ui.framework.testcases.ZoomHomeTest" name="testAlert">
    <skipped/>
  </testcase> <!-- testAlert -->
  <system-out/>
  <testcase classname="ui.framework.testcases.ZoomHomeTest" name="testCookies">
    <skipped/>
  </testcase> <!-- testCookies -->
  <system-out/>
</testsuite> <!-- ui.framework.testcases.ZoomHomeTest -->
